\BOOKMARK [1][-]{section.1}{Can}{}% 1
\BOOKMARK [2][-]{subsection.1.1}{Modules}{section.1}% 2
\BOOKMARK [3][-]{subsubsection.1.1.1}{APC220}{subsection.1.1}% 3
\BOOKMARK [3][-]{subsubsection.1.1.2}{BMP280}{subsection.1.1}% 4
\BOOKMARK [3][-]{subsubsection.1.1.3}{MPU6050}{subsection.1.1}% 5
\BOOKMARK [3][-]{subsubsection.1.1.4}{NEO-6M}{subsection.1.1}% 6
\BOOKMARK [3][-]{subsubsection.1.1.5}{HW-125}{subsection.1.1}% 7
\BOOKMARK [1][-]{section.2}{Structs}{}% 8
\BOOKMARK [2][-]{subsection.2.1}{Error}{section.2}% 9
\BOOKMARK [2][-]{subsection.2.2}{Vector3}{section.2}% 10
\BOOKMARK [1][-]{section.3}{Classes}{}% 11
\BOOKMARK [2][-]{subsection.3.1}{GPS}{section.3}% 12
\BOOKMARK [3][-]{subsubsection.3.1.1}{GPS}{subsection.3.1}% 13
\BOOKMARK [3][-]{subsubsection.3.1.2}{begin}{subsection.3.1}% 14
\BOOKMARK [3][-]{subsubsection.3.1.3}{read}{subsection.3.1}% 15
\BOOKMARK [3][-]{subsubsection.3.1.4}{get\137time}{subsection.3.1}% 16
\BOOKMARK [3][-]{subsubsection.3.1.5}{get\137position}{subsection.3.1}% 17
\BOOKMARK [3][-]{subsubsection.3.1.6}{get\137altitude}{subsection.3.1}% 18
\BOOKMARK [2][-]{subsection.3.2}{Can}{section.3}% 19
\BOOKMARK [3][-]{subsubsection.3.2.1}{Can}{subsection.3.2}% 20
\BOOKMARK [3][-]{subsubsection.3.2.2}{tick}{subsection.3.2}% 21
